Change Component Designator: Old Designator=DA? New Designator=DA1
Change Component Designator: Old Designator=DA? New Designator=DA2
Change Component Designator: Old Designator=R? New Designator=R14
Change Component Designator: Old Designator=R? New Designator=R15
Change Component Designator: Old Designator=R? New Designator=R16
Change Component Designator: Old Designator=R? New Designator=R17
Change Component Designator: Old Designator=R? New Designator=R18
Change Component Designator: Old Designator=R? New Designator=R19
Change Component Designator: Old Designator=R? New Designator=R20
Change Component Designator: Old Designator=R? New Designator=R21
Change Component Designator: Old Designator=SB? New Designator=SB1
Change Component Designator: Old Designator=SB? New Designator=SB2
Change Component Designator: Old Designator=SB? New Designator=SB3
Change Component Designator: Old Designator=SB? New Designator=SB4
Change Component Designator: Old Designator=SB? New Designator=SB5
Change Component Designator: Old Designator=SB? New Designator=SB6
Change Component Designator: Old Designator=SB? New Designator=SB7
Change Component Designator: Old Designator=SB? New Designator=SB8
Change Component Designator: Old Designator=SB? New Designator=SB9
Change Component Designator: Old Designator=SB? New Designator=SB10
Change Component Designator: Old Designator=SB? New Designator=SB11
Change Component Designator: Old Designator=SB? New Designator=SB12
Change Component Designator: Old Designator=VT? New Designator=VT4
Change Component Designator: Old Designator=VT? New Designator=VT5
Change Component Designator: Old Designator=XS? New Designator=XS11
