Change Component Designator: Old Designator=BA1 New Designator=BA?
Change Component Designator: Old Designator=C1 New Designator=C?
Change Component Designator: Old Designator=C2 New Designator=C?
Change Component Designator: Old Designator=C3 New Designator=C?
Change Component Designator: Old Designator=C4 New Designator=C?
Change Component Designator: Old Designator=C5 New Designator=C?
Change Component Designator: Old Designator=C6 New Designator=C?
Change Component Designator: Old Designator=C7 New Designator=C?
Change Component Designator: Old Designator=C8 New Designator=C?
Change Component Designator: Old Designator=C9 New Designator=C?
Change Component Designator: Old Designator=C10 New Designator=C?
Change Component Designator: Old Designator=C11 New Designator=C?
Change Component Designator: Old Designator=C12 New Designator=C?
Change Component Designator: Old Designator=C13 New Designator=C?
Change Component Designator: Old Designator=C14 New Designator=C?
Change Component Designator: Old Designator=C15 New Designator=C?
Change Component Designator: Old Designator=DD1 New Designator=DD?
Change Component Designator: Old Designator=DD2 New Designator=DD?
Change Component Designator: Old Designator=DD3 New Designator=DD?
Change Component Designator: Old Designator=DD4 New Designator=DD?
Change Component Designator: Old Designator=DD5 New Designator=DD?
Change Component Designator: Old Designator=DD6 New Designator=DD?
Change Component Designator: Old Designator=DD7 New Designator=DD?
Change Component Designator: Old Designator=DD8 New Designator=DD?
Change Component Designator: Old Designator=L1 New Designator=L?
Change Component Designator: Old Designator=R1 New Designator=R?
Change Component Designator: Old Designator=R2 New Designator=R?
Change Component Designator: Old Designator=R3 New Designator=R?
Change Component Designator: Old Designator=R4 New Designator=R?
Change Component Designator: Old Designator=R5 New Designator=R?
Change Component Designator: Old Designator=R6 New Designator=R?
Change Component Designator: Old Designator=R7 New Designator=R?
Change Component Designator: Old Designator=R8 New Designator=R?
Change Component Designator: Old Designator=R9 New Designator=R?
Change Component Designator: Old Designator=R10 New Designator=R?
Change Component Designator: Old Designator=R11 New Designator=R?
Change Component Designator: Old Designator=R12 New Designator=R?
Change Component Designator: Old Designator=R13 New Designator=R?
Change Component Designator: Old Designator=R14 New Designator=R?
Change Component Designator: Old Designator=R15 New Designator=R?
Change Component Designator: Old Designator=VD1 New Designator=VD?
Change Component Designator: Old Designator=VD2 New Designator=VD?
Change Component Designator: Old Designator=VD3 New Designator=VD?
Change Component Designator: Old Designator=VD4 New Designator=VD?
Change Component Designator: Old Designator=VT1 New Designator=VT?
Change Component Designator: Old Designator=VT2 New Designator=VT?
Change Component Designator: Old Designator=VT3 New Designator=VT?
Change Component Designator: Old Designator=XS1 New Designator=XS?
Change Component Designator: Old Designator=XS2 New Designator=XS?
Change Component Designator: Old Designator=XS3 New Designator=XS?
Change Component Designator: Old Designator=XS4 New Designator=XS?
Change Component Designator: Old Designator=XS5 New Designator=XS?
Change Component Designator: Old Designator=XS6 New Designator=XS?
Change Component Designator: Old Designator=XS7 New Designator=XS?
Change Component Designator: Old Designator=XS8 New Designator=XS?
Change Component Designator: Old Designator=XS9 New Designator=XS?
Change Component Designator: Old Designator=XS10 New Designator=XS?
Change Component Designator: Old Designator=ZQ1 New Designator=ZQ?
Change Component Designator: Old Designator=Ñ1 New Designator=Ñ?
Change Component Designator: Old Designator=Ñ2 New Designator=Ñ?
Change Component Designator: Old Designator=Ñ3 New Designator=Ñ?
Change Component Designator: Old Designator=Ñ4 New Designator=Ñ?
Change Component Designator: Old Designator=Ñ5 New Designator=Ñ?
