Replace Part BA1 beeper_HPA17F in D:\BSUIR\Diploma\__SHEMPEL__\Diploma\main.SchDoc with beeper_HPA17F from diploma.SchLib
Replace Part C1 cap_1mkF in D:\BSUIR\Diploma\__SHEMPEL__\Diploma\main.SchDoc with cap_1mkF from diploma.SchLib
Replace Part C2 cap_pol_100mkF in D:\BSUIR\Diploma\__SHEMPEL__\Diploma\main.SchDoc with cap_pol_100mkF from diploma.SchLib
Replace Part C3 cap_pol_10mkF in D:\BSUIR\Diploma\__SHEMPEL__\Diploma\main.SchDoc with cap_pol_10mkF from diploma.SchLib
Replace Part C4 cap_pol_1mkF in D:\BSUIR\Diploma\__SHEMPEL__\Diploma\main.SchDoc with cap_pol_1mkF from diploma.SchLib
Replace Part C5 cap_pol_1mkF in D:\BSUIR\Diploma\__SHEMPEL__\Diploma\main.SchDoc with cap_pol_1mkF from diploma.SchLib
Replace Part C6 cap_pol_1mkF in D:\BSUIR\Diploma\__SHEMPEL__\Diploma\main.SchDoc with cap_pol_1mkF from diploma.SchLib
Replace Part C7 cap_pol_10mkF in D:\BSUIR\Diploma\__SHEMPEL__\Diploma\main.SchDoc with cap_pol_10mkF from diploma.SchLib
Replace Part C8 cap_pol_100mkF in D:\BSUIR\Diploma\__SHEMPEL__\Diploma\main.SchDoc with cap_pol_100mkF from diploma.SchLib
Replace Part C9 cap_pol_1mkF in D:\BSUIR\Diploma\__SHEMPEL__\Diploma\main.SchDoc with cap_pol_1mkF from diploma.SchLib
Replace Part C10 cap_100nF in D:\BSUIR\Diploma\__SHEMPEL__\Diploma\main.SchDoc with cap_100nF from diploma.SchLib
Replace Part C11 cap_33pF in D:\BSUIR\Diploma\__SHEMPEL__\Diploma\main.SchDoc with cap_33pF from diploma.SchLib
Replace Part C12 cap_33pF in D:\BSUIR\Diploma\__SHEMPEL__\Diploma\main.SchDoc with cap_33pF from diploma.SchLib
Replace Part C13 cap_pol_1mkF in D:\BSUIR\Diploma\__SHEMPEL__\Diploma\main.SchDoc with cap_pol_1mkF from diploma.SchLib
Replace Part C14 cap_1mkF in D:\BSUIR\Diploma\__SHEMPEL__\Diploma\main.SchDoc with cap_1mkF from diploma.SchLib
Replace Part C15 cap_10pF in D:\BSUIR\Diploma\__SHEMPEL__\Diploma\main.SchDoc with cap_10pF from diploma.SchLib
Replace Part C16 cap_10pF in D:\BSUIR\Diploma\__SHEMPEL__\Diploma\main.SchDoc with cap_10pF from diploma.SchLib
Replace Part C17 cap_10pF in D:\BSUIR\Diploma\__SHEMPEL__\Diploma\main.SchDoc with cap_10pF from diploma.SchLib
Replace Part C18 cap_33pF in D:\BSUIR\Diploma\__SHEMPEL__\Diploma\main.SchDoc with cap_33pF from diploma.SchLib
Replace Part C19 cap_33pF in D:\BSUIR\Diploma\__SHEMPEL__\Diploma\main.SchDoc with cap_33pF from diploma.SchLib
Replace Part C20 cap_33pF in D:\BSUIR\Diploma\__SHEMPEL__\Diploma\main.SchDoc with cap_33pF from diploma.SchLib
Replace Part DD1 stu_MIC29302WT in D:\BSUIR\Diploma\__SHEMPEL__\Diploma\main.SchDoc with stu_MIC29302WT from diploma.SchLib
Replace Part DD2 NCP1117ST50T3G in D:\BSUIR\Diploma\__SHEMPEL__\Diploma\main.SchDoc with NCP1117ST50T3G from NCP1117ST50T3G.SchLib
Replace Part DD3 MAX232CSE+ in D:\BSUIR\Diploma\__SHEMPEL__\Diploma\main.SchDoc with MAX232CSE+ from max232.SchLib
Replace Part DD4 PCF8574DGVR in D:\BSUIR\Diploma\__SHEMPEL__\Diploma\main.SchDoc with PCF8574DGVR from PCF8574DGVR.SchLib
Replace Part DD5 PCF8574DGVR in D:\BSUIR\Diploma\__SHEMPEL__\Diploma\main.SchDoc with PCF8574DGVR from PCF8574DGVR.SchLib
Replace Part DD6 ATMEGA32U4RC-AU in D:\BSUIR\Diploma\__SHEMPEL__\Diploma\main.SchDoc with ATMEGA32U4RC-AU from atmega32u4.SchLib
Replace Part DD7 SIM900A in D:\BSUIR\Diploma\__SHEMPEL__\Diploma\main.SchDoc with SIM900A from diploma.SchLib
Replace Part DD8 PCF8574DGVR in D:\BSUIR\Diploma\__SHEMPEL__\Diploma\main.SchDoc with PCF8574DGVR from PCF8574DGVR.SchLib
Replace Part L1 inductor_10uH in D:\BSUIR\Diploma\__SHEMPEL__\Diploma\main.SchDoc with inductor_10uH from diploma.SchLib
Replace Part R1 res_47k in D:\BSUIR\Diploma\__SHEMPEL__\Diploma\main.SchDoc with res_47k from diploma.SchLib
Replace Part R2 res_100K in D:\BSUIR\Diploma\__SHEMPEL__\Diploma\main.SchDoc with res_100K from diploma.SchLib
Replace Part R3 res_1M in D:\BSUIR\Diploma\__SHEMPEL__\Diploma\main.SchDoc with res_1M from diploma.SchLib
Replace Part R4 res_510 in D:\BSUIR\Diploma\__SHEMPEL__\Diploma\main.SchDoc with res_510 from diploma.SchLib
Replace Part R5 res_4.7k in D:\BSUIR\Diploma\__SHEMPEL__\Diploma\main.SchDoc with res_4.7k from diploma.SchLib
Replace Part R6 res_47k in D:\BSUIR\Diploma\__SHEMPEL__\Diploma\main.SchDoc with res_47k from diploma.SchLib
Replace Part R7 res_22 in D:\BSUIR\Diploma\__SHEMPEL__\Diploma\main.SchDoc with res_22 from diploma.SchLib
Replace Part R8 res_22 in D:\BSUIR\Diploma\__SHEMPEL__\Diploma\main.SchDoc with res_22 from diploma.SchLib
Replace Part R9 res_22 in D:\BSUIR\Diploma\__SHEMPEL__\Diploma\main.SchDoc with res_22 from diploma.SchLib
Replace Part R10 res_4.7k in D:\BSUIR\Diploma\__SHEMPEL__\Diploma\main.SchDoc with res_4.7k from diploma.SchLib
Replace Part R11 res_4.7k in D:\BSUIR\Diploma\__SHEMPEL__\Diploma\main.SchDoc with res_4.7k from diploma.SchLib
Replace Part R12 res_47k in D:\BSUIR\Diploma\__SHEMPEL__\Diploma\main.SchDoc with res_47k from diploma.SchLib
Replace Part R13 res_47k in D:\BSUIR\Diploma\__SHEMPEL__\Diploma\main.SchDoc with res_47k from diploma.SchLib
Replace Part R14 res_510 in D:\BSUIR\Diploma\__SHEMPEL__\Diploma\main.SchDoc with res_510 from diploma.SchLib
Replace Part R15 res_510 in D:\BSUIR\Diploma\__SHEMPEL__\Diploma\main.SchDoc with res_510 from diploma.SchLib
Replace Part VD1 diode_M7 in D:\BSUIR\Diploma\__SHEMPEL__\Diploma\main.SchDoc with diode_M7 from diploma.SchLib
Replace Part VD2 diode_M7 in D:\BSUIR\Diploma\__SHEMPEL__\Diploma\main.SchDoc with diode_M7 from diploma.SchLib
Replace Part VD3 diode_red in D:\BSUIR\Diploma\__SHEMPEL__\Diploma\main.SchDoc with diode_red from diploma.SchLib
Replace Part VD4 diode_red in D:\BSUIR\Diploma\__SHEMPEL__\Diploma\main.SchDoc with diode_red from diploma.SchLib
Replace Part XS1 power_supply_jack in D:\BSUIR\Diploma\__SHEMPEL__\Diploma\main.SchDoc with power_supply_jack from diploma.SchLib
Replace Part XS3 conn_Keypad in D:\BSUIR\Diploma\__SHEMPEL__\Diploma\main.SchDoc with conn_Keypad from diploma.SchLib
Replace Part XS4 RS-232 in D:\BSUIR\Diploma\__SHEMPEL__\Diploma\main.SchDoc with RS-232 from diploma.SchLib
Replace Part XS7 conn_Battery_CR2032 in D:\BSUIR\Diploma\__SHEMPEL__\Diploma\main.SchDoc with conn_Battery_CR2032 from diploma.SchLib
Replace Part XS8 SIM5051-6-0-18-00-A in D:\BSUIR\Diploma\__SHEMPEL__\Diploma\main.SchDoc with SIM5051-6-0-18-00-A from sim_connector.SchLib
Replace Part XS10 temperature_sensors_connector in D:\BSUIR\Diploma\__SHEMPEL__\Diploma\main.SchDoc with temperature_sensors_connector from diploma.SchLib
Replace Part ZQ1 crystal_8mhz in D:\BSUIR\Diploma\__SHEMPEL__\Diploma\main.SchDoc with crystal_8mhz from diploma.SchLib
