D:\0_Institute\DP\MY-MY\autocad\Сборочный устройтва.dwg,А1,23.05.2021 19:07:06,Sokolover,AutoCAD PDF (General Documentation).pc3,ISO без полей A1 (841.00 x 594.00 мм),1:1,
D:\0_Institute\DP\MY-MY\autocad\Задняя панель.dwg,А2,23.05.2021 19:12:17,Sokolover,AutoCAD PDF (General Documentation).pc3,ISO без полей A2 (594.00 x 420.00 мм),1:1,
D:\0_Institute\DP\MY-MY\autocad\Электрическая принципиальная.dwg,Модель,23.05.2021 20:20:45,Sokolover,AutoCAD PDF (General Documentation).pc3,ISO без полей A1 (841.00 x 594.00 мм),1:0.755503,
D:\0_Institute\DP\MY-MY\autocad\Электрическая принципиальная.dwg,Модель,23.05.2021 20:22:23,Sokolover,AutoCAD PDF (General Documentation).pc3,ISO без полей A4 (297.00 x 210.00 мм),1:2.14676,
Чертеж4.dwg,Модель,23.05.2021 20:25:45,Sokolover,AutoCAD PDF (General Documentation).pc3,ISO без полей A4 (297.00 x 210.00 мм),1:2.14615,
Чертеж4.dwg,Модель,23.05.2021 20:26:26,Sokolover,AutoCAD PDF (General Documentation).pc3,ISO без полей A4 (297.00 x 210.00 мм),1:2.14615,
D:\0_Institute\DP\MY-MY\autocad\Э3 для скринов.dwg,Модель,23.05.2021 20:29:55,Sokolover,AutoCAD PDF (General Documentation).pc3,ISO без полей A4 (297.00 x 210.00 мм),1:0.798883,
D:\0_Institute\DP\MY-MY\autocad\Э3 для скринов.dwg,Модель,23.05.2021 20:30:30,Sokolover,AutoCAD PDF (General Documentation).pc3,ISO без полей A4 (297.00 x 210.00 мм),1:0.798883,
D:\0_Institute\DP\MY-MY\autocad\Сборочный устройтва.dwg,А2,23.05.2021 21:38:56,Sokolover,AutoCAD PDF (General Documentation).pc3,ISO без полей A2 (594.00 x 420.00 мм),1:1,
D:\0_Institute\DP\MY-MY\autocad\Сборочный устройтва.dwg,А2,23.05.2021 21:43:47,Sokolover,AutoCAD PDF (General Documentation).pc3,ISO без полей A2 (594.00 x 420.00 мм),1:1,
D:\0_Institute\DP\MY-MY\autocad\Структурная схема.dwg,Модель,23.05.2021 23:43:23,Sokolover,AutoCAD PDF (General Documentation).pc3,ISO без полей A2 (594.00 x 420.00 мм),1:1.00379,
D:\0_Institute\DP\MY-MY\autocad\Структурная схема.dwg,Модель,23.05.2021 23:45:20,Sokolover,AutoCAD PDF (General Documentation).pc3,ISO без полей A2 (594.00 x 420.00 мм),1:1.00379,
D:\0_Institute\DP\MY-MY\autocad\Электрическая принципиальная.dwg,Модель,23.05.2021 23:46:29,Sokolover,AutoCAD PDF (General Documentation).pc3,ISO без полей A4 (297.00 x 210.00 мм),1:2.14676,
D:\0_Institute\DP\MY-MY\autocad\Электрическая принципиальная.dwg,Модель,23.05.2021 23:47:23,Sokolover,AutoCAD PDF (General Documentation).pc3,ISO без полей A1 (841.00 x 594.00 мм),1:1,
D:\0_Institute\DP\MY-MY\autocad\Электрическая принципиальная.dwg,Модель,23.05.2021 23:48:40,Sokolover,AutoCAD PDF (General Documentation).pc3,ISO без полей A1 (841.00 x 594.00 мм),1:1.002,
D:\0_Institute\DP\MY-MY\autocad\Электрическая принципиальная.dwg,Модель,23.05.2021 23:49:29,Sokolover,AutoCAD PDF (General Documentation).pc3,ISO без полей A1 (841.00 x 594.00 мм),1:1,
D:\0_Institute\DP\MY-MY\autocad\Структурная схема.dwg,Модель,23.05.2021 23:50:59,Sokolover,AutoCAD PDF (General Documentation).pc3,ISO без полей A2 (594.00 x 420.00 мм),1:1,
D:\0_Institute\DP\MY-MY\autocad\Структурная схема.dwg,Модель,23.05.2021 23:52:20,Sokolover,AutoCAD PDF (General Documentation).pc3,ISO без полей A2 (594.00 x 420.00 мм),1:1.004,
D:\0_Institute\DP\MY-MY\autocad\Чертёж ПП.dwg,Модель,23.05.2021 23:54:29,Sokolover,AutoCAD PDF (General Documentation).pc3,ISO без полей A1 (841.00 x 594.00 мм),1:1.00268,
D:\0_Institute\DP\MY-MY\autocad\Сборочный ПП.dwg,Модель,23.05.2021 23:57:12,Sokolover,AutoCAD PDF (General Documentation).pc3,ISO без полей A1 (841.00 x 594.00 мм),1:1.00268,
D:\0_Institute\DP\MY-MY\autocad\Структурная плакат.dwg,Модель,24.05.2021 00:01:50,Sokolover,AutoCAD PDF (General Documentation).pc3,ISO без полей A1 (841.00 x 594.00 мм),1:1.00268,
D:\0_Institute\DP\MY-MY\autocad\Структурная плакат.dwg,Модель,24.05.2021 00:02:29,Sokolover,AutoCAD PDF (General Documentation).pc3,ISO без полей A1 (841.00 x 594.00 мм),1:1.00268,
D:\0_Institute\DP\MY-MY\autocad\Структурная плакат.dwg,Модель,24.05.2021 00:03:51,Sokolover,AutoCAD PDF (General Documentation).pc3,ISO без полей A1 (841.00 x 594.00 мм),1:1.00268,
D:\0_Institute\DP\MY-MY\autocad\Лицевая панель.dwg,А1,24.05.2021 00:05:40,Sokolover,AutoCAD PDF (General Documentation).pc3,ISO без полей A1 (841.00 x 594.00 мм),1:1,
D:\0_Institute\DP\MY-MY\autocad\Лицевая панель.dwg,А1,24.05.2021 00:06:12,Sokolover,AutoCAD PDF (General Documentation).pc3,ISO без полей A1 (841.00 x 594.00 мм),1:1,
D:\0_Institute\DP\MY-MY\autocad\Лицевая панель.dwg,А1,24.05.2021 00:07:51,Sokolover,AutoCAD PDF (General Documentation).pc3,ISO без полей A1 (841.00 x 594.00 мм),1:1,
D:\0_Institute\DP\MY-MY\autocad\Чертёж ПП.dwg,Модель,24.05.2021 00:09:04,Sokolover,AutoCAD PDF (General Documentation).pc3,ISO без полей A1 (841.00 x 594.00 мм),1:1.00268,
D:\0_Institute\DP\MY-MY\autocad\Сборочный ПП.dwg,Модель,24.05.2021 00:09:27,Sokolover,AutoCAD PDF (General Documentation).pc3,ISO без полей A1 (841.00 x 594.00 мм),1:1.00268,
D:\0_Institute\DP\MY-MY\autocad\Лицевая панель.dwg,А1,24.05.2021 00:10:20,Sokolover,AutoCAD PDF (General Documentation).pc3,ISO без полей A1 (841.00 x 594.00 мм),1:1,
D:\0_Institute\DP\MY-MY\autocad\Задняя крышка.dwg,А2,24.05.2021 00:13:55,Sokolover,AutoCAD PDF (General Documentation).pc3,ISO без полей A2 (594.00 x 420.00 мм),1:1,
D:\0_Institute\DP\MY-MY\autocad\Лицевая панель.dwg,А1,24.05.2021 00:16:15,Sokolover,AutoCAD PDF (General Documentation).pc3,ISO без полей A1 (841.00 x 594.00 мм),1:1,
D:\0_Institute\DP\MY-MY\autocad\Сборочный устройтва.dwg,А1,24.05.2021 00:23:03,Sokolover,AutoCAD PDF (General Documentation).pc3,ISO без полей A1 (841.00 x 594.00 мм),1:1,
D:\0_Institute\DP\MY-MY\autocad\1 Структурная схема Э1.dwg,А2,24.05.2021 00:28:32,Sokolover,AutoCAD PDF (General Documentation).pc3,ISO без полей A2 (594.00 x 420.00 мм),1:1,
D:\0_Institute\DP\MY-MY\autocad\2 Электрическая принципиальная Э3.dwg,Лист1,24.05.2021 00:30:20,Sokolover,AutoCAD PDF (General Documentation).pc3,ISO без полей A1 (841.00 x 594.00 мм),1:1,
D:\0_Institute\DP\MY-MY\autocad\3 Чертёж ПП.dwg,А1,24.05.2021 00:32:38,Sokolover,AutoCAD PDF (General Documentation).pc3,ISO без полей A1 (841.00 x 594.00 мм),1:1,
D:\0_Institute\DP\MY-MY\autocad\3 Чертёж ПП.dwg,А1,24.05.2021 00:33:27,Sokolover,AutoCAD PDF (General Documentation).pc3,ISO без полей A1 (841.00 x 594.00 мм),1:1,
D:\0_Institute\DP\MY-MY\autocad\3 Чертёж ПП.dwg,А1,24.05.2021 00:34:31,Sokolover,AutoCAD PDF (General Documentation).pc3,ISO без полей A1 (841.00 x 594.00 мм),1:1,
D:\0_Institute\DP\MY-MY\autocad\3 Чертёж ПП.dwg,А1,24.05.2021 00:36:26,Sokolover,AutoCAD PDF (General Documentation).pc3,ISO без полей A1 (841.00 x 594.00 мм),1:1,
D:\0_Institute\DP\MY-MY\autocad\4 Сборочный ПП.dwg,А1,24.05.2021 00:37:47,Sokolover,AutoCAD PDF (General Documentation).pc3,ISO без полей A1 (841.00 x 594.00 мм),1:1,
D:\0_Institute\DP\MY-MY\autocad\6 Задняя крышка.dwg,А2,24.05.2021 00:41:41,Sokolover,AutoCAD PDF (General Documentation).pc3,ISO без полей A2 (594.00 x 420.00 мм),1:1,
D:\0_Institute\DP\MY-MY\autocad\6 Задняя крышка.dwg,А2,24.05.2021 00:42:51,Sokolover,AutoCAD PDF (General Documentation).pc3,ISO без полей A2 (594.00 x 420.00 мм),1:1,
D:\0_Institute\DP\MY-MY\autocad\7 Сборочный устройтва.dwg,А1,24.05.2021 00:44:01,Sokolover,AutoCAD PDF (General Documentation).pc3,ISO без полей A1 (841.00 x 594.00 мм),1:1,
D:\0_Institute\DP\MY-MY\autocad\1 Структурная схема Э1.dwg,А2,24.05.2021 19:54:45,Sokolover,AutoCAD PDF (General Documentation).pc3,ISO без полей A2 (594.00 x 420.00 мм),1:1,
D:\0_Institute\DP\MY-MY\autocad\2 Электрическая принципиальная Э3.dwg,Лист1,24.05.2021 19:57:56,Sokolover,AutoCAD PDF (General Documentation).pc3,ISO без полей A1 (841.00 x 594.00 мм),1:1,
D:\0_Institute\DP\MY-MY\autocad\3 Чертёж ПП.dwg,А1,24.05.2021 20:01:46,Sokolover,AutoCAD PDF (General Documentation).pc3,ISO без полей A1 (841.00 x 594.00 мм),1:1,
D:\0_Institute\DP\MY-MY\autocad\4 Сборочный ПП — горизонтально.dwg,А1,24.05.2021 20:21:33,Sokolover,AutoCAD PDF (General Documentation).pc3,ISO без полей A1 (841.00 x 594.00 мм),1:1,
D:\0_Institute\DP\MY-MY\autocad\7 Сборочный устройтва.dwg,А1,24.05.2021 20:27:04,Sokolover,AutoCAD PDF (General Documentation).pc3,ISO без полей A1 (841.00 x 594.00 мм),1:1,
D:\0_Institute\DP\MY-MY\autocad\5 Лицевая панель — новые размеры.dwg,А1,25.05.2021 00:00:24,Sokolover,AutoCAD PDF (General Documentation).pc3,ISO без полей A1 (841.00 x 594.00 мм),1:1,
D:\0_Institute\DP\MY-MY\autocad\5 Лицевая панель — новые размеры.dwg,А1,25.05.2021 00:07:44,Sokolover,AutoCAD PDF (General Documentation).pc3,ISO без полей A1 (841.00 x 594.00 мм),1:1,
D:\0_Institute\DP\MY-MY\autocad\5 Лицевая панель — новые размеры.dwg,А1,25.05.2021 00:08:22,Sokolover,AutoCAD PDF (General Documentation).pc3,ISO без полей A1 (841.00 x 594.00 мм),1:1,
D:\0_Institute\DP\MY-MY\autocad\5 Лицевая панель — новые размеры.dwg,А1,25.05.2021 00:09:23,Sokolover,AutoCAD PDF (General Documentation).pc3,ISO без полей A1 (841.00 x 594.00 мм),1:1,
D:\0_Institute\DP\MY-MY\autocad\5 Лицевая панель — новые размеры.dwg,А1,25.05.2021 00:12:43,Sokolover,AutoCAD PDF (General Documentation).pc3,ISO без полей A1 (841.00 x 594.00 мм),1:1,
D:\0_Institute\DP\MY-MY\autocad\6 Задняя крышка.dwg,А2,25.05.2021 00:23:48,Sokolover,AutoCAD PDF (General Documentation).pc3,ISO без полей A2 (594.00 x 420.00 мм),1:1,
D:\0_Institute\DP\MY-MY\autocad\6 Задняя крышка.dwg,А2,25.05.2021 00:24:12,Sokolover,AutoCAD PDF (General Documentation).pc3,ISO без полей A2 (594.00 x 420.00 мм),1:1,
D:\0_Institute\DP\MY-MY\autocad\6 Задняя крышка.dwg,А2,25.05.2021 00:24:56,Sokolover,AutoCAD PDF (General Documentation).pc3,ISO без полей A2 (594.00 x 420.00 мм),1:1,
D:\0_Institute\DP\MY-MY\autocad\6 Задняя крышка.dwg,А2,25.05.2021 00:27:08,Sokolover,AutoCAD PDF (General Documentation).pc3,ISO без полей A2 (594.00 x 420.00 мм),1:1,
D:\0_Institute\DP\MY-MY\autocad\6 Задняя крышка.dwg,А2,25.05.2021 00:27:44,Sokolover,AutoCAD PDF (General Documentation).pc3,ISO без полей A2 (594.00 x 420.00 мм),1:1,
D:\0_Institute\DP\MY-MY\autocad\7 Сборочный блока управления.dwg,А1,25.05.2021 00:30:31,Sokolover,AutoCAD PDF (General Documentation).pc3,ISO без полей A1 (841.00 x 594.00 мм),1:1,
D:\0_Institute\DP\MY-MY\autocad\9 Технологическая схема сборки.dwg,Лист1,25.05.2021 01:34:17,Sokolover,AutoCAD PDF (General Documentation).pc3,ISO без полей A2 (420.00 x 594.00 мм),1:1,
D:\0_Institute\DP\MY-MY\autocad\9 Технологическая схема сборки.dwg,Лист1,25.05.2021 01:35:53,Sokolover,AutoCAD PDF (General Documentation).pc3,ISO без полей A2 (420.00 x 594.00 мм),1:1,
D:\0_Institute\DP\MY-MY\autocad\9 Технологическая схема сборки.dwg,Лист1,25.05.2021 01:38:22,Sokolover,AutoCAD PDF (General Documentation).pc3,ISO без полей A2 (420.00 x 594.00 мм),1:1,
D:\0_Institute\DP\MY-MY\autocad\9 Технологическая схема сборки.dwg,Лист1,25.05.2021 01:39:40,Sokolover,AutoCAD PDF (General Documentation).pc3,ISO без полей A2 (420.00 x 594.00 мм),1:1,
D:\0_Institute\DP\MY-MY\autocad\9 Технологическая схема сборки.dwg,Лист2,25.05.2021 14:55:13,Sokolover,AutoCAD PDF (General Documentation).pc3,ISO без полей A1 (594.00 x 841.00 мм),1:1,
D:\0_Institute\DP\MY-MY\autocad\5 Лицевая панель — новые размеры.dwg,А1,25.05.2021 15:11:09,Sokolover,AutoCAD PDF (General Documentation).pc3,ISO без полей A1 (841.00 x 594.00 мм),1:1,
D:\0_Institute\DP\MY-MY\autocad\5 Лицевая панель — новые размеры.dwg,А1,25.05.2021 15:13:39,Sokolover,AutoCAD PDF (General Documentation).pc3,ISO без полей A1 (841.00 x 594.00 мм),1:1,
D:\0_Institute\DP\MY-MY\autocad\1_5 Э1+Задняя крышка.dwg,Лист1,25.05.2021 15:22:21,Sokolover,AutoCAD PDF (General Documentation).pc3,ISO без полей A1 (594.00 x 841.00 мм),1:1,
D:\0_Institute\DP\MY-MY\autocad\1_6 Э1+Задняя крышка .dwg,А2,25.05.2021 15:27:48,Sokolover,AutoCAD PDF (General Documentation).pc3,ISO без полей A1 (594.00 x 841.00 мм),1:1,
D:\0_Institute\DP\MY-MY\autocad\1_6 Э1+Задняя крышка .dwg,А2,25.05.2021 15:29:34,Sokolover,AutoCAD PDF (General Documentation).pc3,ISO без полей A1 (594.00 x 841.00 мм),1:1,
D:\0_Institute\DP\MY-MY\autocad\1_6 Э1+Задняя крышка .dwg,А2,25.05.2021 15:29:55,Sokolover,AutoCAD PDF (General Documentation).pc3,ISO без полей A1 (594.00 x 841.00 мм),1:1,
D:\0_Institute\DP\MY-MY\autocad\9 Технологическая схема сборки.dwg,Лист2,26.05.2021 11:43:57,Sokolover,AutoCAD PDF (General Documentation).pc3,ISO без полей A1 (594.00 x 841.00 мм),1:1,
D:\0_Institute\DP\MY-MY\autocad\9 Технологическая схема сборки.dwg,Лист2,26.05.2021 11:44:44,Sokolover,AutoCAD PDF (General Documentation).pc3,ISO без полей A1 (594.00 x 841.00 мм),1:1,
D:\0_Institute\DP\MY-MY\autocad\9 Технологическая схема сборки.dwg,Лист3,26.05.2021 20:48:10,Sokolover,AutoCAD PDF (General Documentation).pc3,ISO без полей A1 (841.00 x 594.00 мм),1:1,
D:\0_Institute\DP\MY-MY\autocad\9 Технологическая схема сборки.dwg,Лист3,26.05.2021 23:32:49,Sokolover,AutoCAD PDF (General Documentation).pc3,ISO без полей A1 (841.00 x 594.00 мм),1:1,
D:\0_Institute\DP\MY-MY\autocad\9 Технологическая схема сборки.dwg,Лист3,26.05.2021 23:33:34,Sokolover,AutoCAD PDF (General Documentation).pc3,ISO без полей A1 (841.00 x 594.00 мм),1:1,
D:\0_Institute\DP\MY-MY\autocad\9 Технологическая схема сборки.dwg,Лист3,26.05.2021 23:34:41,Sokolover,AutoCAD PDF (General Documentation).pc3,ISO без полей A1 (841.00 x 594.00 мм),1:1,
D:\0_Institute\DP\MY-MY\autocad\1_6 Э1+Задняя крышка .dwg,А2,26.05.2021 23:36:07,Sokolover,AutoCAD PDF (General Documentation).pc3,ISO без полей A1 (594.00 x 841.00 мм),1:1,
D:\0_Institute\DP\MY-MY\autocad\1_6 Э1+Задняя крышка .dwg,А2,26.05.2021 23:37:02,Sokolover,AutoCAD PDF (General Documentation).pc3,ISO без полей A1 (594.00 x 841.00 мм),1:1,
D:\0_Institute\DP\MY-MY\autocad\2 Электрическая принципиальная Э3.dwg,Лист1,26.05.2021 23:40:16,Sokolover,AutoCAD PDF (General Documentation).pc3,ISO без полей A1 (841.00 x 594.00 мм),1:1,
D:\0_Institute\DP\MY-MY\autocad\3 Чертёж ПП.dwg,А1,26.05.2021 23:41:59,Sokolover,AutoCAD PDF (General Documentation).pc3,ISO без полей A1 (841.00 x 594.00 мм),1:1,
D:\0_Institute\DP\MY-MY\autocad\4 Сборочный ПП.dwg,А1,26.05.2021 23:44:20,Sokolover,AutoCAD PDF (General Documentation).pc3,ISO без полей A1 (841.00 x 594.00 мм),1:1,
D:\0_Institute\DP\MY-MY\autocad\5 Лицевая панель.dwg,А1,26.05.2021 23:45:33,Sokolover,AutoCAD PDF (General Documentation).pc3,ISO без полей A1 (841.00 x 594.00 мм),1:1,
D:\0_Institute\DP\MY-MY\autocad\7 Сборочный блока управления.dwg,А1,26.05.2021 23:47:55,Sokolover,AutoCAD PDF (General Documentation).pc3,ISO без полей A1 (841.00 x 594.00 мм),1:1,
D:\0_Institute\DP\MY-MY\autocad\_Децимальные номера.dwg,Лист1,30.05.2021 14:10:51,Sokolover,AutoCAD PDF (General Documentation).pc3,ISO без полей A4 (210.00 x 297.00 мм),1:1,
D:\Download\I2CA1.dwg,Лист1,03.06.2021 20:45:02,Sokolover,AutoCAD PDF (General Documentation).pc3,ISO без полей A1 (841.00 x 594.00 мм),1:1,
